<?xml version="1.0" encoding="UTF-8" ?>
<testsuite failures="0" time="4.376" errors="0" skipped="0" tests="27" name="com.homefellas.rm.share.ShareServiceTest">
  <properties>
    <property name="java.runtime.name" value="Java(TM) SE Runtime Environment"/>
    <property name="sun.boot.library.path" value="C:\Program Files\Java\jdk1.6.0_45\jre\bin"/>
    <property name="java.vm.version" value="20.45-b01"/>
    <property name="java.vm.vendor" value="Sun Microsystems Inc."/>
    <property name="java.vendor.url" value="http://java.sun.com/"/>
    <property name="path.separator" value=";"/>
    <property name="guice.disable.misplaced.annotation.check" value="true"/>
    <property name="java.vm.name" value="Java HotSpot(TM) 64-Bit Server VM"/>
    <property name="file.encoding.pkg" value="sun.io"/>
    <property name="user.country" value="US"/>
    <property name="sun.java.launcher" value="SUN_STANDARD"/>
    <property name="sun.os.patch.level" value="Service Pack 1"/>
    <property name="java.vm.specification.name" value="Java Virtual Machine Specification"/>
    <property name="user.dir" value="C:\workspace\sts\rm_ws\hf-build"/>
    <property name="java.runtime.version" value="1.6.0_45-b06"/>
    <property name="java.awt.graphicsenv" value="sun.awt.Win32GraphicsEnvironment"/>
    <property name="java.endorsed.dirs" value="C:\Program Files\Java\jdk1.6.0_45\jre\lib\endorsed"/>
    <property name="os.arch" value="amd64"/>
    <property name="java.io.tmpdir" value="C:\Users\prc9041\AppData\Local\Temp\"/>
    <property name="line.separator" value="
"/>
    <property name="java.vm.specification.vendor" value="Sun Microsystems Inc."/>
    <property name="user.variant" value=""/>
    <property name="os.name" value="Windows 7"/>
    <property name="classworlds.conf" value="C:\workspace\sts\rm_ws\.metadata\.plugins\org.eclipse.m2e.launching\launches\m2conf9126128201277241685.tmp"/>
    <property name="sun.jnu.encoding" value="Cp1252"/>
    <property name="java.library.path" value="C:\Program Files\Java\jdk1.6.0_45\bin;C:\Windows\Sun\Java\bin;C:\Windows\system32;C:\Windows;C:\Program Files (x86)\Intel\iCLS Client\;C:\Program Files\Intel\iCLS Client\;C:\Windows\system32;C:\Windows;C:\Windows\System32\Wbem;C:\Windows\System32\WindowsPowerShell\v1.0\;C:\Program Files\ThinkPad\Bluetooth Software\;C:\Program Files\ThinkPad\Bluetooth Software\syswow64;C:\Program Files\Intel\Intel(R) Management Engine Components\DAL;C:\Program Files\Intel\Intel(R) Management Engine Components\IPT;C:\Program Files (x86)\Intel\Intel(R) Management Engine Components\DAL;C:\Program Files (x86)\Intel\Intel(R) Management Engine Components\IPT;C:\Program Files\Common Files\Lenovo;C:\Program Files (x86)\Common Files\Ulead Systems\MPEG;C:\SWTOOLS\ReadyApps;C:\Program Files (x86)\Common Files\Lenovo;C:\PROGRA~2\IBM\SQLLIB\BIN;C:\PROGRA~2\IBM\SQLLIB\FUNCTION;C:\PROGRA~2\IBM\SQLLIB\SAMPLES\REPL;C:\Program Files (x86)\AccuRev\bin;C:\Program Files\Intel\WiFi\bin\;C:\Program Files\Common Files\Intel\WirelessCommon\;C:\Program Files\MySQL\MySQL Server 5.1\bin;C:\Program Files (x86)\Intel\OpenCL SDK\2.0\bin\x86;C:\Program Files (x86)\Intel\OpenCL SDK\2.0\bin\x64;."/>
    <property name="m2eclipse.workspace.state" value="C:\workspace\sts\rm_ws\.metadata\.plugins\org.eclipse.m2e.core\workspacestate.properties"/>
    <property name="java.specification.name" value="Java Platform API Specification"/>
    <property name="java.class.version" value="50.0"/>
    <property name="sun.management.compiler" value="HotSpot 64-Bit Tiered Compilers"/>
    <property name="os.version" value="6.1"/>
    <property name="user.home" value="C:\Users\prc9041"/>
    <property name="user.timezone" value="America/New_York"/>
    <property name="java.awt.printerjob" value="sun.awt.windows.WPrinterJob"/>
    <property name="java.specification.version" value="1.6"/>
    <property name="file.encoding" value="Cp1252"/>
    <property name="user.name" value="prc9041"/>
    <property name="java.class.path" value="/C:/software/springsource/sts-3.4.0.RELEASE/configuration/org.eclipse.osgi/bundles/556/1/.cp/jars/plexus-classworlds-2.4.jar"/>
    <property name="java.vm.specification.version" value="1.0"/>
    <property name="sun.arch.data.model" value="64"/>
    <property name="java.home" value="C:\Program Files\Java\jdk1.6.0_45\jre"/>
    <property name="sun.java.command" value="org.codehaus.plexus.classworlds.launcher.Launcher -B -s C:\Users\prc9041\.m2\settings.xml install"/>
    <property name="java.specification.vendor" value="Sun Microsystems Inc."/>
    <property name="user.language" value="en"/>
    <property name="awt.toolkit" value="sun.awt.windows.WToolkit"/>
    <property name="java.vm.info" value="mixed mode"/>
    <property name="java.version" value="1.6.0_45"/>
    <property name="java.ext.dirs" value="C:\Program Files\Java\jdk1.6.0_45\jre\lib\ext;C:\Windows\Sun\Java\lib\ext"/>
    <property name="sun.boot.class.path" value="C:\Program Files\Java\jdk1.6.0_45\jre\lib\resources.jar;C:\Program Files\Java\jdk1.6.0_45\jre\lib\rt.jar;C:\Program Files\Java\jdk1.6.0_45\jre\lib\sunrsasign.jar;C:\Program Files\Java\jdk1.6.0_45\jre\lib\jsse.jar;C:\Program Files\Java\jdk1.6.0_45\jre\lib\jce.jar;C:\Program Files\Java\jdk1.6.0_45\jre\lib\charsets.jar;C:\Program Files\Java\jdk1.6.0_45\jre\lib\modules\jdk.boot.jar;C:\Program Files\Java\jdk1.6.0_45\jre\classes"/>
    <property name="java.vendor" value="Sun Microsystems Inc."/>
    <property name="maven.home" value="C:\workspace\sts\rm_ws\hf-build\EMBEDDED"/>
    <property name="file.separator" value="\"/>
    <property name="java.vendor.url.bug" value="http://java.sun.com/cgi-bin/bugreport.cgi"/>
    <property name="maven.bootclasspath" value="/C:/software/springsource/sts-3.4.0.RELEASE/configuration/org.eclipse.osgi/bundles/556/1/.cp/jars/plexus-classworlds-2.4.jar"/>
    <property name="sun.cpu.endian" value="little"/>
    <property name="sun.io.unicode.encoding" value="UnicodeLittle"/>
    <property name="sun.desktop" value="windows"/>
    <property name="sun.cpu.isalist" value="amd64"/>
  </properties>
  <testcase time="0.175" classname="com.homefellas.rm.share.ShareServiceTest" name="getTasksByCalendarDirectLinkTX"/>
  <testcase time="0.134" classname="com.homefellas.rm.share.ShareServiceTest" name="getCalenderShares"/>
  <testcase time="0.239" classname="com.homefellas.rm.share.ShareServiceTest" name="shareAndCreateContact"/>
  <testcase time="0.113" classname="com.homefellas.rm.share.ShareServiceTest" name="shareTaskVerifyAlamrs"/>
  <testcase time="0.155" classname="com.homefellas.rm.share.ShareServiceTest" name="shareSubList"/>
  <testcase time="0.147" classname="com.homefellas.rm.share.ShareServiceTest" name="notificationSentToShareeOnTaskEndReached"/>
  <testcase time="0.152" classname="com.homefellas.rm.share.ShareServiceTest" name="acceptDeclineShareCaledarTX"/>
  <testcase time="0.085" classname="com.homefellas.rm.share.ShareServiceTest" name="sendNotificationsToShares"/>
  <testcase time="0.106" classname="com.homefellas.rm.share.ShareServiceTest" name="shareCalender"/>
  <testcase time="0.165" classname="com.homefellas.rm.share.ShareServiceTest" name="processSharesForSharedCalendars"/>
  <testcase time="1.153" classname="com.homefellas.rm.share.ShareServiceTest" name="updateModifiedTimeOfShares"/>
  <testcase time="0.164" classname="com.homefellas.rm.share.ShareServiceTest" name="getShareForUserAndIShare"/>
  <testcase time="0.125" classname="com.homefellas.rm.share.ShareServiceTest" name="updateShareNullChecks"/>
  <testcase time="0.086" classname="com.homefellas.rm.share.ShareServiceTest" name="testUpdateShare"/>
  <testcase time="0.142" classname="com.homefellas.rm.share.ShareServiceTest" name="testBulkShare"/>
  <testcase time="0.1" classname="com.homefellas.rm.share.ShareServiceTest" name="testBulkInvite"/>
  <testcase time="0.084" classname="com.homefellas.rm.share.ShareServiceTest" name="testLinkReplace"/>
  <testcase time="0.106" classname="com.homefellas.rm.share.ShareServiceTest" name="acceptPublicShare"/>
  <testcase time="0.138" classname="com.homefellas.rm.share.ShareServiceTest" name="getInvitesSharedWithEmail"/>
  <testcase time="0.088" classname="com.homefellas.rm.share.ShareServiceTest" name="deleteShare"/>
  <testcase time="0.087" classname="com.homefellas.rm.share.ShareServiceTest" name="getShareForTaskAndEmail"/>
  <testcase time="0.08" classname="com.homefellas.rm.share.ShareServiceTest" name="createShareOnRegister"/>
  <testcase time="0.135" classname="com.homefellas.rm.share.ShareServiceTest" name="getSyncShareIdsForMember"/>
  <testcase time="0.135" classname="com.homefellas.rm.share.ShareServiceTest" name="getShareDirectLink"/>
  <testcase time="0.088" classname="com.homefellas.rm.share.ShareServiceTest" name="acceptShare"/>
  <testcase time="0.097" classname="com.homefellas.rm.share.ShareServiceTest" name="declineShare"/>
  <testcase time="0.095" classname="com.homefellas.rm.share.ShareServiceTest" name="shareTask"/>
</testsuite>